<?xml version="1.0" encoding="UTF-8"?>
<!-- Generated by org.testng.reporters.JUnitXMLReporter -->
<testsuite hostname="LAPTOP-G2N37GG3" ignored="0" name="Command line test" tests="6" failures="0" timestamp="12 Apr 2019 05:19:23 GMT" time="0.07" errors="0">
  <testcase name="IOSApps" time="0.009" classname="Automationlearn.AppiumTest"/>
  <testcase name="NativeAapAndroid" time="0.0" classname="Automationlearn.AppiumTest"/>
  <testcase name="BrowserAutomation" time="0.0" classname="Automationlearn.RESTAPITest"/>
  <testcase name="elenemtsUi" time="0.0" classname="Automationlearn.RESTAPITest"/>
  <testcase name="Postjira" time="0.0" classname="Automationlearn.SeleniumTest"/>
  <testcase name="deleteTwitter" time="0.001" classname="Automationlearn.SeleniumTest"/>
</testsuite> <!-- Command line test -->
