<?xml version="1.0" encoding="UTF-8"?>
<testng-results skipped="0" failed="0" ignored="0" total="6" passed="6">
  <reporter-output>
  </reporter-output>
  <suite name="Command line suite" duration-ms="70" started-at="2019-04-12T05:19:23Z" finished-at="2019-04-12T05:19:23Z">
    <groups>
    </groups>
    <test name="Command line test" duration-ms="70" started-at="2019-04-12T05:19:23Z" finished-at="2019-04-12T05:19:23Z">
      <class name="Automationlearn.AppiumTest">
        <test-method status="PASS" signature="IOSApps()[pri:0, instance:Automationlearn.AppiumTest@dfd3711]" name="IOSApps" duration-ms="9" started-at="2019-04-12T05:19:23Z" finished-at="2019-04-12T05:19:23Z">
          <reporter-output>
          </reporter-output>
        </test-method> <!-- IOSApps -->
        <test-method status="PASS" signature="NativeAapAndroid()[pri:0, instance:Automationlearn.AppiumTest@dfd3711]" name="NativeAapAndroid" duration-ms="0" started-at="2019-04-12T05:19:23Z" finished-at="2019-04-12T05:19:23Z">
          <reporter-output>
          </reporter-output>
        </test-method> <!-- NativeAapAndroid -->
      </class> <!-- Automationlearn.AppiumTest -->
      <class name="Automationlearn.SeleniumTest">
        <test-method status="PASS" signature="Postjira()[pri:0, instance:Automationlearn.SeleniumTest@3b81a1bc]" name="Postjira" duration-ms="0" started-at="2019-04-12T05:19:23Z" finished-at="2019-04-12T05:19:23Z">
          <reporter-output>
          </reporter-output>
        </test-method> <!-- Postjira -->
        <test-method status="PASS" signature="deleteTwitter()[pri:0, instance:Automationlearn.SeleniumTest@3b81a1bc]" name="deleteTwitter" duration-ms="1" started-at="2019-04-12T05:19:23Z" finished-at="2019-04-12T05:19:23Z">
          <reporter-output>
          </reporter-output>
        </test-method> <!-- deleteTwitter -->
      </class> <!-- Automationlearn.SeleniumTest -->
      <class name="Automationlearn.RESTAPITest">
        <test-method status="PASS" signature="BrowserAutomation()[pri:0, instance:Automationlearn.RESTAPITest@5f2050f6]" name="BrowserAutomation" duration-ms="0" started-at="2019-04-12T05:19:23Z" finished-at="2019-04-12T05:19:23Z">
          <reporter-output>
          </reporter-output>
        </test-method> <!-- BrowserAutomation -->
        <test-method status="PASS" signature="elenemtsUi()[pri:0, instance:Automationlearn.RESTAPITest@5f2050f6]" name="elenemtsUi" duration-ms="0" started-at="2019-04-12T05:19:23Z" finished-at="2019-04-12T05:19:23Z">
          <reporter-output>
          </reporter-output>
        </test-method> <!-- elenemtsUi -->
      </class> <!-- Automationlearn.RESTAPITest -->
    </test> <!-- Command line test -->
  </suite> <!-- Command line suite -->
</testng-results>
